1: package com.blucewang.chapter18_io;//: io/BasicFileOutput.java
2: 
3: import java.io.*;
4: 
5: public class BasicFileOutput {
6:     static String file = "src\\com\\blucewang\\chapter18_io\\BasicFileOutput.out";
7: 
8:     public static void main(String[] args)
9:             throws IOException {
10:         BufferedReader in = new BufferedReader(
11:                 new StringReader(
12:                         BufferedInputFile.read("src\\com\\blucewang\\chapter18_io\\BasicFileOutput.java")));
13:         PrintWriter out = new PrintWriter(
14:                 new BufferedWriter(new FileWriter(file)));
15:         int lineCount = 1;
16:         String s;
17:         while ((s = in.readLine()) != null)
18:             out.println(lineCount++ + ": " + s);
19:         out.close();
20:         // Show the stored file:
21:         System.out.println(BufferedInputFile.read(file));
22:     }
23: } /* (Execute to see output) *///:~
